This is pdfTeX, Version 3.1415926-2.4-1.40.13 (TeX Live 2012) (format=pdflatex 2012.6.30)  16 APR 2013 12:28
entering extended mode
 restricted \write18 enabled.
 file:line:error style messages enabled.
 %&-line parsing enabled.
**main-file2.tex
(./main-file2.tex
LaTeX2e <2011/06/27>
Babel <v3.8m> and hyphenation patterns for english, dumylang, nohyphenation, ge
rman-x-2012-05-30, ngerman-x-2012-05-30, afrikaans, ancientgreek, ibycus, arabi
c, armenian, basque, bulgarian, catalan, pinyin, coptic, croatian, czech, danis
h, dutch, ukenglish, usenglishmax, esperanto, estonian, ethiopic, farsi, finnis
h, french, friulan, galician, german, ngerman, swissgerman, monogreek, greek, h
ungarian, icelandic, assamese, bengali, gujarati, hindi, kannada, malayalam, ma
rathi, oriya, panjabi, tamil, telugu, indonesian, interlingua, irish, italian, 
kurmanji, latin, latvian, lithuanian, mongolian, mongolianlmc, bokmal, nynorsk,
 polish, portuguese, romanian, romansh, russian, sanskrit, serbian, serbianc, s
lovak, slovenian, spanish, swedish, turkish, turkmen, ukrainian, uppersorbian, 
welsh, loaded.
(/usr/local/texlive/2012/texmf-dist/tex/latex/base/article.cls
Document Class: article 2007/10/19 v1.4h Standard LaTeX document class
(/usr/local/texlive/2012/texmf-dist/tex/latex/base/size11.clo
File: size11.clo 2007/10/19 v1.4h Standard LaTeX file (size option)
)
\c@part=\count79
\c@section=\count80
\c@subsection=\count81
\c@subsubsection=\count82
\c@paragraph=\count83
\c@subparagraph=\count84
\c@figure=\count85
\c@table=\count86
\abovecaptionskip=\skip41
\belowcaptionskip=\skip42
\bibindent=\dimen102
)
(/usr/local/texlive/2012/texmf-dist/tex/latex/setspace/setspace.sty
Package: setspace 2011/12/19 v6.7a set line spacing
)
(/usr/local/texlive/2012/texmf-dist/tex/latex/amsmath/amsmath.sty
Package: amsmath 2000/07/18 v2.13 AMS math features
\@mathmargin=\skip43

For additional information on amsmath, use the `?' option.
(/usr/local/texlive/2012/texmf-dist/tex/latex/amsmath/amstext.sty
Package: amstext 2000/06/29 v2.01

(/usr/local/texlive/2012/texmf-dist/tex/latex/amsmath/amsgen.sty
File: amsgen.sty 1999/11/30 v2.0
\@emptytoks=\toks14
\ex@=\dimen103
))
(/usr/local/texlive/2012/texmf-dist/tex/latex/amsmath/amsbsy.sty
Package: amsbsy 1999/11/29 v1.2d
\pmbraise@=\dimen104
)
(/usr/local/texlive/2012/texmf-dist/tex/latex/amsmath/amsopn.sty
Package: amsopn 1999/12/14 v2.01 operator names
)
\inf@bad=\count87
LaTeX Info: Redefining \frac on input line 211.
\uproot@=\count88
\leftroot@=\count89
LaTeX Info: Redefining \overline on input line 307.
\classnum@=\count90
\DOTSCASE@=\count91
LaTeX Info: Redefining \ldots on input line 379.
LaTeX Info: Redefining \dots on input line 382.
LaTeX Info: Redefining \cdots on input line 467.
\Mathstrutbox@=\box26
\strutbox@=\box27
\big@size=\dimen105
LaTeX Font Info:    Redeclaring font encoding OML on input line 567.
LaTeX Font Info:    Redeclaring font encoding OMS on input line 568.
\macc@depth=\count92
\c@MaxMatrixCols=\count93
\dotsspace@=\muskip10
\c@parentequation=\count94
\dspbrk@lvl=\count95
\tag@help=\toks15
\row@=\count96
\column@=\count97
\maxfields@=\count98
\andhelp@=\toks16
\eqnshift@=\dimen106
\alignsep@=\dimen107
\tagshift@=\dimen108
\tagwidth@=\dimen109
\totwidth@=\dimen110
\lineht@=\dimen111
\@envbody=\toks17
\multlinegap=\skip44
\multlinetaggap=\skip45
\mathdisplay@stack=\toks18
LaTeX Info: Redefining \[ on input line 2666.
LaTeX Info: Redefining \] on input line 2667.
)
(/usr/local/texlive/2012/texmf-dist/tex/latex/amsfonts/amssymb.sty
Package: amssymb 2009/06/22 v3.00

(/usr/local/texlive/2012/texmf-dist/tex/latex/amsfonts/amsfonts.sty
Package: amsfonts 2009/06/22 v3.00 Basic AMSFonts support
\symAMSa=\mathgroup4
\symAMSb=\mathgroup5
LaTeX Font Info:    Overwriting math alphabet `\mathfrak' in version `bold'
(Font)                  U/euf/m/n --> U/euf/b/n on input line 96.
))
(/usr/local/texlive/2012/texmf-dist/tex/latex/graphics/epsfig.sty
Package: epsfig 1999/02/16 v1.7a (e)psfig emulation (SPQR)

(/usr/local/texlive/2012/texmf-dist/tex/latex/graphics/graphicx.sty
Package: graphicx 1999/02/16 v1.0f Enhanced LaTeX Graphics (DPC,SPQR)

(/usr/local/texlive/2012/texmf-dist/tex/latex/graphics/keyval.sty
Package: keyval 1999/03/16 v1.13 key=value parser (DPC)
\KV@toks@=\toks19
)
(/usr/local/texlive/2012/texmf-dist/tex/latex/graphics/graphics.sty
Package: graphics 2009/02/05 v1.0o Standard LaTeX Graphics (DPC,SPQR)

(/usr/local/texlive/2012/texmf-dist/tex/latex/graphics/trig.sty
Package: trig 1999/03/16 v1.09 sin cos tan (DPC)
)
(/usr/local/texlive/2012/texmf-dist/tex/latex/latexconfig/graphics.cfg
File: graphics.cfg 2010/04/23 v1.9 graphics configuration of TeX Live
)
Package graphics Info: Driver file: pdftex.def on input line 91.

(/usr/local/texlive/2012/texmf-dist/tex/latex/pdftex-def/pdftex.def
File: pdftex.def 2011/05/27 v0.06d Graphics/color for pdfTeX

(/usr/local/texlive/2012/texmf-dist/tex/generic/oberdiek/infwarerr.sty
Package: infwarerr 2010/04/08 v1.3 Providing info/warning/error messages (HO)
)
(/usr/local/texlive/2012/texmf-dist/tex/generic/oberdiek/ltxcmds.sty
Package: ltxcmds 2011/11/09 v1.22 LaTeX kernel commands for general use (HO)
)
\Gread@gobject=\count99
))
\Gin@req@height=\dimen112
\Gin@req@width=\dimen113
)
\epsfxsize=\dimen114
\epsfysize=\dimen115
)
(./fancybox.sty
\c@tocdepth=\count100

Style option: `fancybox' v1.2 <1998/02/27> (tvz)
\@fancybox=\box28
\shadowsize=\dimen116
\@Sbox=\box29
\do@VerbBox=\toks20
\the@fancyput=\toks21
\this@fancyput=\toks22
\EndVerbatimTokens=\toks23
\Verbatim@Outfile=\write3
\Verbatim@Infile=\read1
) (/usr/local/texlive/2012/texmf-dist/tex/latex/listings/listings.sty
\lst@mode=\count101
\lst@gtempboxa=\box30
\lst@token=\toks24
\lst@length=\count102
\lst@currlwidth=\dimen117
\lst@column=\count103
\lst@pos=\count104
\lst@lostspace=\dimen118
\lst@width=\dimen119
\lst@newlines=\count105
\lst@lineno=\count106
\lst@maxwidth=\dimen120

(/usr/local/texlive/2012/texmf-dist/tex/latex/listings/lstmisc.sty
File: lstmisc.sty 2007/02/22 1.4 (Carsten Heinz)
\c@lstnumber=\count107
\lst@skipnumbers=\count108
\lst@framebox=\box31
)
(/usr/local/texlive/2012/texmf-dist/tex/latex/listings/listings.cfg
File: listings.cfg 2007/02/22 1.4 listings configuration
))
Package: listings 2007/02/22 1.4 (Carsten Heinz)

(./algo.sty
Package: algo 1996/02/12 v1.2 LaTeX2e package for pseudo code

Package: `algo' v1.2 for pseudo code
(/usr/local/texlive/2012/texmf-dist/tex/latex/tools/xspace.sty
Package: xspace 2009/10/20 v1.13 Space after command names (DPC,MH)
)
\a@movein=\skip46
\a@curwidth=\skip47
\c@a@line=\count109
\c@algorithm=\count110
)
(/usr/local/texlive/2012/texmf-dist/tex/latex/url/url.sty
\Urlmuskip=\muskip11
Package: url 2006/04/12  ver 3.3  Verb mode for urls, etc.
)
(/usr/local/texlive/2012/texmf-dist/tex/latex/soul/soul.sty
Package: soul 2003/11/17 v2.4 letterspacing/underlining (mf)
\SOUL@word=\toks25
\SOUL@lasttoken=\toks26
\SOUL@cmds=\toks27
\SOUL@buffer=\toks28
\SOUL@token=\toks29
\SOUL@spaceskip=\skip48
\SOUL@ttwidth=\dimen121
\SOUL@uldp=\dimen122
\SOUL@ulht=\dimen123
)
(/usr/local/texlive/2012/texmf-dist/tex/latex/amscls/amsthm.sty
Package: amsthm 2009/07/02 v2.20.1
\thm@style=\toks30
\thm@bodyfont=\toks31
\thm@headfont=\toks32
\thm@notefont=\toks33
\thm@headpunct=\toks34
\thm@preskip=\skip49
\thm@postskip=\skip50
\thm@headsep=\skip51
\dth@everypar=\toks35
)
\c@ProposalDef=\count111

(/usr/local/texlive/2012/texmf-dist/tex/latex/graphics/color.sty
Package: color 2005/11/14 v1.0j Standard LaTeX Color (DPC)

(/usr/local/texlive/2012/texmf-dist/tex/latex/latexconfig/color.cfg
File: color.cfg 2007/01/18 v1.5 color configuration of teTeX/TeXLive
)
Package color Info: Driver file: pdftex.def on input line 130.
)
(/usr/local/texlive/2012/texmf-dist/tex/latex/titlesec/titlesec.sty
Package: titlesec 2011/12/15 v2.10.0 Sectioning titles
\ttl@box=\box32
\beforetitleunit=\skip52
\aftertitleunit=\skip53
\ttl@plus=\dimen124
\ttl@minus=\dimen125
\ttl@toksa=\toks36
\titlewidth=\dimen126
\titlewidthlast=\dimen127
\titlewidthfirst=\dimen128
)
(./main-file2.aux

LaTeX Warning: Label `AG morphism' multiply defined.

)
\openout1 = `main-file2.aux'.

LaTeX Font Info:    Checking defaults for OML/cmm/m/it on input line 76.
LaTeX Font Info:    ... okay on input line 76.
LaTeX Font Info:    Checking defaults for T1/cmr/m/n on input line 76.
LaTeX Font Info:    ... okay on input line 76.
LaTeX Font Info:    Checking defaults for OT1/cmr/m/n on input line 76.
LaTeX Font Info:    ... okay on input line 76.
LaTeX Font Info:    Checking defaults for OMS/cmsy/m/n on input line 76.
LaTeX Font Info:    ... okay on input line 76.
LaTeX Font Info:    Checking defaults for OMX/cmex/m/n on input line 76.
LaTeX Font Info:    ... okay on input line 76.
LaTeX Font Info:    Checking defaults for U/cmr/m/n on input line 76.
LaTeX Font Info:    ... okay on input line 76.
 (/usr/local/texlive/2012/texmf-dist/tex/context/base/supp-pdf.mkii
[Loading MPS to PDF converter (version 2006.09.02).]
\scratchcounter=\count112
\scratchdimen=\dimen129
\scratchbox=\box33
\nofMPsegments=\count113
\nofMParguments=\count114
\everyMPshowfont=\toks37
\MPscratchCnt=\count115
\MPscratchDim=\dimen130
\MPnumerator=\count116
\makeMPintoPDFobject=\count117
\everyMPtoPDFconversion=\toks38
) (/usr/local/texlive/2012/texmf-dist/tex/generic/oberdiek/pdftexcmds.sty
Package: pdftexcmds 2011/11/29 v0.20 Utility functions of pdfTeX for LuaTeX (HO
)

(/usr/local/texlive/2012/texmf-dist/tex/generic/oberdiek/ifluatex.sty
Package: ifluatex 2010/03/01 v1.3 Provides the ifluatex switch (HO)
Package ifluatex Info: LuaTeX not detected.
)
(/usr/local/texlive/2012/texmf-dist/tex/generic/oberdiek/ifpdf.sty
Package: ifpdf 2011/01/30 v2.3 Provides the ifpdf switch (HO)
Package ifpdf Info: pdfTeX in PDF mode is detected.
)
Package pdftexcmds Info: LuaTeX not detected.
Package pdftexcmds Info: \pdf@primitive is available.
Package pdftexcmds Info: \pdf@ifprimitive is available.
Package pdftexcmds Info: \pdfdraftmode found.
)
(/usr/local/texlive/2012/texmf-dist/tex/latex/oberdiek/epstopdf-base.sty
Package: epstopdf-base 2010/02/09 v2.5 Base part for package epstopdf

(/usr/local/texlive/2012/texmf-dist/tex/latex/oberdiek/grfext.sty
Package: grfext 2010/08/19 v1.1 Manage graphics extensions (HO)

(/usr/local/texlive/2012/texmf-dist/tex/generic/oberdiek/kvdefinekeys.sty
Package: kvdefinekeys 2011/04/07 v1.3 Define keys (HO)
))
(/usr/local/texlive/2012/texmf-dist/tex/latex/oberdiek/kvoptions.sty
Package: kvoptions 2011/06/30 v3.11 Key value format for package options (HO)

(/usr/local/texlive/2012/texmf-dist/tex/generic/oberdiek/kvsetkeys.sty
Package: kvsetkeys 2012/04/25 v1.16 Key value parser (HO)

(/usr/local/texlive/2012/texmf-dist/tex/generic/oberdiek/etexcmds.sty
Package: etexcmds 2011/02/16 v1.5 Avoid name clashes with e-TeX commands (HO)
Package etexcmds Info: Could not find \expanded.
(etexcmds)             That can mean that you are not using pdfTeX 1.50 or
(etexcmds)             that some package has redefined \expanded.
(etexcmds)             In the latter case, load this package earlier.
)))
Package grfext Info: Graphics extension search list:
(grfext)             [.png,.pdf,.jpg,.mps,.jpeg,.jbig2,.jb2,.PNG,.PDF,.JPG,.JPE
G,.JBIG2,.JB2,.eps]
(grfext)             \AppendGraphicsExtensions on input line 452.

(/usr/local/texlive/2012/texmf-dist/tex/latex/latexconfig/epstopdf-sys.cfg
File: epstopdf-sys.cfg 2010/07/13 v1.3 Configuration of (r)epstopdf for TeX Liv
e
))
\c@lstlisting=\count118

(/usr/local/texlive/2012/texmf-dist/tex/latex/listings/lstlang1.sty
File: lstlang1.sty 2004/09/05 1.3 listings language file
)
(/usr/local/texlive/2012/texmf-dist/tex/latex/listings/lstlang1.sty
File: lstlang1.sty 2004/09/05 1.3 listings language file
)
(/usr/local/texlive/2012/texmf-dist/tex/latex/listings/lstmisc.sty
File: lstmisc.sty 2007/02/22 1.4 (Carsten Heinz)
)
LaTeX Font Info:    Try loading font information for U+msa on input line 84.

(/usr/local/texlive/2012/texmf-dist/tex/latex/amsfonts/umsa.fd
File: umsa.fd 2009/06/22 v3.00 AMS symbols A
)
LaTeX Font Info:    Try loading font information for U+msb on input line 84.

(/usr/local/texlive/2012/texmf-dist/tex/latex/amsfonts/umsb.fd
File: umsb.fd 2009/06/22 v3.00 AMS symbols B
) [1

{/usr/local/texlive/2012/texmf-var/fonts/map/pdftex/updmap/pdftex.map}]
<images/model-code.pdf, id=12, 409.45161pt x 293.66675pt>
File: images/model-code.pdf Graphic file (type pdf)

<use images/model-code.pdf>
Package pdftex.def Info: images/model-code.pdf used on input line 105.
(pdftex.def)             Requested size: 142.26378pt x 102.03656pt.
 [2 <./images/model-code.pdf>] [3]
<images/Example01.pdf, id=144, 522.0022pt x 202.46179pt>
File: images/Example01.pdf Graphic file (type pdf)

<use images/Example01.pdf>
Package pdftex.def Info: images/Example01.pdf used on input line 140.
(pdftex.def)             Requested size: 284.52756pt x 110.35338pt.
 [4 <./images/Example01.pdf>]
<images/Example02.pdf, id=226, 564.04697pt x 199.87454pt>
File: images/Example02.pdf Graphic file (type pdf)

<use images/Example02.pdf>
Package pdftex.def Info: images/Example02.pdf used on input line 153.
(pdftex.def)             Requested size: 284.52756pt x 100.82451pt.

<images/Example03.pdf, id=227, 609.32607pt x 197.93387pt>
File: images/Example03.pdf Graphic file (type pdf)

<use images/Example03.pdf>
Package pdftex.def Info: images/Example03.pdf used on input line 163.
(pdftex.def)             Requested size: 284.52756pt x 92.4279pt.
 [5 <./images/Example02.pdf> <./images/Example03.pdf>] <images/Example04.pdf, i
d=381, 551.11015pt x 362.23212pt>
File: images/Example04.pdf Graphic file (type pdf)

<use images/Example04.pdf>
Package pdftex.def Info: images/Example04.pdf used on input line 179.
(pdftex.def)             Requested size: 284.52756pt x 187.01314pt.
 [6] [7 <./images/Example04.pdf>]
<images/Synchronization-types.pdf, id=499, 672.00015pt x 477.38893pt>
File: images/Synchronization-types.pdf Graphic file (type pdf)

<use images/Synchronization-types.pdf>
Package pdftex.def Info: images/Synchronization-types.pdf used on input line 20
9.
(pdftex.def)             Requested size: 284.52756pt x 202.13367pt.
 [8 <./images/Synchronization-types.pdf>] [9] <images/Private-Shared-Table.pdf,
 id=529, 498.06897pt x 139.7181pt>
File: images/Private-Shared-Table.pdf Graphic file (type pdf)

<use images/Private-Shared-Table.pdf>
Package pdftex.def Info: images/Private-Shared-Table.pdf used on input line 261
.
(pdftex.def)             Requested size: 284.52756pt x 79.81494pt.
 [10 <./images/Private-Shared-Table.pdf>]
[11] [12]
Missing character: There is no Ò in font cmbx10!
Missing character: There is no Ó in font cmbx10!
 [13] [14]
Overfull \hbox (57.9256pt too wide) in paragraph at lines 410--411
[]\OT1/cmr/bx/n/10.95 Definition 6. []\OT1/cmr/m/it/10.95 An \OT1/cmr/bx/it/10.
95 E-graph G \OT1/cmr/m/it/10.95 is de-fined as $\OML/cmm/m/it/10.95 G \OT1/cmr
/m/n/10.95 = (\OML/cmm/m/it/10.95 V[]; E[]; V[]; E[]; E[]; \OT1/cmr/m/n/10.95 (
\OML/cmm/m/it/10.95 source[]$ $; target[]\OT1/cmr/m/n/10.95 )[]$ 
 []

LaTeX Font Info:    Try loading font information for OMS+cmr on input line 412.

(/usr/local/texlive/2012/texmf-dist/tex/latex/base/omscmr.fd
File: omscmr.fd 1999/05/25 v2.5h Standard LaTeX font definitions
)
LaTeX Font Info:    Font shape `OMS/cmr/m/it' in size <10.95> not available
(Font)              Font shape `OMS/cmsy/m/n' tried instead on input line 412.
 [15] [16]
<images/AGmorphism.png, id=601, 847.165pt x 503.8825pt>
File: images/AGmorphism.png Graphic file (type png)

<use images/AGmorphism.png>
Package pdftex.def Info: images/AGmorphism.png used on input line 452.
(pdftex.def)             Requested size: 142.26378pt x 84.61324pt.
 [17 <./images/AGmorphism.png>]
<images/TAG-morphism.pdf, id=605, 116.02838pt x 61.749pt>
File: images/TAG-morphism.pdf Graphic file (type pdf)

<use images/TAG-morphism.pdf>
Package pdftex.def Info: images/TAG-morphism.pdf used on input line 513.
(pdftex.def)             Requested size: 142.26378pt x 75.719pt.
 [18 <./images/TAG-morphism.pdf>]
<images/private-shared.pdf, id=682, 542.7013pt x 141.01183pt>
File: images/private-shared.pdf Graphic file (type pdf)

<use images/private-shared.pdf>
Package pdftex.def Info: images/private-shared.pdf used on input line 538.
(pdftex.def)             Requested size: 284.52756pt x 73.93118pt.
 [19 <./images/private-shared.pdf>] [20]
<images/leastChange.pdf, id=721, 556.28488pt x 376.46268pt>
File: images/leastChange.pdf Graphic file (type pdf)

<use images/leastChange.pdf>
Package pdftex.def Info: images/leastChange.pdf used on input line 551.
(pdftex.def)             Requested size: 284.52756pt x 192.55061pt.
 [21 <./images/leastChange.pdf>]
<images/conflictResolution.pdf, id=838, 407.51105pt x 272.96771pt>
File: images/conflictResolution.pdf Graphic file (type pdf)

<use images/conflictResolution.pdf>
Package pdftex.def Info: images/conflictResolution.pdf used on input line 566.
(pdftex.def)             Requested size: 199.16928pt x 133.41379pt.
 [22 <./images/conflictResolution.pdf>]
[23] [24] [25] [26] (./main-file2.bbl [27]
Underfull \hbox (badness 10000) in paragraph at lines 94--100
[]\OT1/cmr/m/n/10.95 J. de Lara and H. Vangheluwe.  AToM$[]$: A tool for multi-

 []


Underfull \hbox (badness 10000) in paragraph at lines 94--100
\OT1/cmr/m/n/10.95 formalism and meta-modelling.  In Ralf-Detlef Kutsche and He
r-bert
 []


Underfull \hbox (badness 10000) in paragraph at lines 94--100
\OT1/cmr/m/n/10.95 We-ber, ed-i-tors, \OT1/cmr/m/it/10.95 FASE\OT1/cmr/m/n/10.9
5 , vol-ume 2306, pages 174--188. Springer, 2002.
 []

[28] [29] [30] [31]) [32] (./main-file2.aux)

LaTeX Warning: There were multiply-defined labels.

 )
(\end occurred inside a group at level 1)

### semi simple group (level 1) entered at line 91 (\begingroup)
### bottom level 
Here is how much of TeX's memory you used:
 4805 strings out of 493488
 66761 string characters out of 3141326
 150539 words of memory out of 3000000
 7996 multiletter control sequences out of 15000+200000
 16892 words of font info for 63 fonts, out of 3000000 for 9000
 958 hyphenation exceptions out of 8191
 38i,8n,58p,3038b,404s stack positions out of 5000i,500n,10000p,200000b,50000s
</usr/local/texlive/2012/texmf-dist/fonts/type1/public/amsfonts
/cm/cmbx10.pfb></usr/local/texlive/2012/texmf-dist/fonts/type1/public/amsfonts/
cm/cmbx12.pfb></usr/local/texlive/2012/texmf-dist/fonts/type1/public/amsfonts/c
m/cmbx7.pfb></usr/local/texlive/2012/texmf-dist/fonts/type1/public/amsfonts/cm/
cmbxti10.pfb></usr/local/texlive/2012/texmf-dist/fonts/type1/public/amsfonts/cm
/cmmi10.pfb></usr/local/texlive/2012/texmf-dist/fonts/type1/public/amsfonts/cm/
cmmi6.pfb></usr/local/texlive/2012/texmf-dist/fonts/type1/public/amsfonts/cm/cm
mi7.pfb></usr/local/texlive/2012/texmf-dist/fonts/type1/public/amsfonts/cm/cmmi
8.pfb></usr/local/texlive/2012/texmf-dist/fonts/type1/public/amsfonts/cm/cmmi9.
pfb></usr/local/texlive/2012/texmf-dist/fonts/type1/public/amsfonts/cm/cmr10.pf
b></usr/local/texlive/2012/texmf-dist/fonts/type1/public/amsfonts/cm/cmr12.pfb>
</usr/local/texlive/2012/texmf-dist/fonts/type1/public/amsfonts/cm/cmr17.pfb></
usr/local/texlive/2012/texmf-dist/fonts/type1/public/amsfonts/cm/cmr5.pfb></usr
/local/texlive/2012/texmf-dist/fonts/type1/public/amsfonts/cm/cmr6.pfb></usr/lo
cal/texlive/2012/texmf-dist/fonts/type1/public/amsfonts/cm/cmr7.pfb></usr/local
/texlive/2012/texmf-dist/fonts/type1/public/amsfonts/cm/cmr8.pfb></usr/local/te
xlive/2012/texmf-dist/fonts/type1/public/amsfonts/cm/cmr9.pfb></usr/local/texli
ve/2012/texmf-dist/fonts/type1/public/amsfonts/cm/cmss10.pfb></usr/local/texliv
e/2012/texmf-dist/fonts/type1/public/amsfonts/cm/cmsy10.pfb></usr/local/texlive
/2012/texmf-dist/fonts/type1/public/amsfonts/cm/cmsy6.pfb></usr/local/texlive/2
012/texmf-dist/fonts/type1/public/amsfonts/cm/cmsy8.pfb></usr/local/texlive/201
2/texmf-dist/fonts/type1/public/amsfonts/cm/cmti10.pfb></usr/local/texlive/2012
/texmf-dist/fonts/type1/public/amsfonts/cm/cmti9.pfb></usr/local/texlive/2012/t
exmf-dist/fonts/type1/public/amsfonts/cm/cmtt10.pfb></usr/local/texlive/2012/te
xmf-dist/fonts/type1/public/amsfonts/symbols/msam10.pfb>
Output written on main-file2.pdf (32 pages, 1579577 bytes).
PDF statistics:
 1060 PDF objects out of 1200 (max. 8388607)
 725 compressed objects within 8 object streams
 0 named destinations out of 1000 (max. 500000)
 61 words of extra memory for PDF output out of 10000 (max. 10000000)

